{"/Users/leorossi/Ramblings/React/TodoList/src/App.js": {"path":"/Users/leorossi/Ramblings/React/TodoList/src/App.js","statementMap":{"0":{"start":{"line":5,"column":19},"end":{"line":11,"column":1}},"1":{"start":{"line":6,"column":2},"end":{"line":10,"column":8}}},"fnMap":{"0":{"name":"(anonymous_0)","decl":{"start":{"line":5,"column":19},"end":{"line":5,"column":20}},"loc":{"start":{"line":6,"column":2},"end":{"line":10,"column":8}},"line":6}},"branchMap":{},"s":{"0":1,"1":1},"f":{"0":1},"b":{},"_coverageSchema":"43e27e138ebf9cfc5966b082cf9a028302ed4184","hash":"1367aba3ce900463bfbc6a7e0d285f144062d461"}
,"/Users/leorossi/Ramblings/React/TodoList/src/components/Title/Title.js": {"path":"/Users/leorossi/Ramblings/React/TodoList/src/components/Title/Title.js","statementMap":{"0":{"start":{"line":4,"column":14},"end":{"line":10,"column":1}},"1":{"start":{"line":5,"column":2},"end":{"line":9,"column":4}}},"fnMap":{"0":{"name":"(anonymous_0)","decl":{"start":{"line":4,"column":14},"end":{"line":4,"column":15}},"loc":{"start":{"line":4,"column":20},"end":{"line":10,"column":1}},"line":4}},"branchMap":{},"s":{"0":1,"1":1},"f":{"0":1},"b":{},"_coverageSchema":"43e27e138ebf9cfc5966b082cf9a028302ed4184","hash":"c39ec2daf8e36fd4f5050418f4afb2c5a1531da0"}
,"/Users/leorossi/Ramblings/React/TodoList/src/components/TodoList/TodoList.js": {"path":"/Users/leorossi/Ramblings/React/TodoList/src/components/TodoList/TodoList.js","statementMap":{"0":{"start":{"line":7,"column":17},"end":{"line":28,"column":1}},"1":{"start":{"line":8,"column":40},"end":{"line":8,"column":51}},"2":{"start":{"line":10,"column":26},"end":{"line":12,"column":3}},"3":{"start":{"line":11,"column":4},"end":{"line":11,"column":27}},"4":{"start":{"line":14,"column":2},"end":{"line":27,"column":4}},"5":{"start":{"line":18,"column":10},"end":{"line":23,"column":12}}},"fnMap":{"0":{"name":"(anonymous_0)","decl":{"start":{"line":7,"column":17},"end":{"line":7,"column":18}},"loc":{"start":{"line":7,"column":23},"end":{"line":28,"column":1}},"line":7},"1":{"name":"(anonymous_1)","decl":{"start":{"line":10,"column":26},"end":{"line":10,"column":27}},"loc":{"start":{"line":10,"column":36},"end":{"line":12,"column":3}},"line":10},"2":{"name":"(anonymous_2)","decl":{"start":{"line":17,"column":23},"end":{"line":17,"column":24}},"loc":{"start":{"line":18,"column":10},"end":{"line":23,"column":12}},"line":18}},"branchMap":{},"s":{"0":1,"1":1,"2":1,"3":0,"4":1,"5":3},"f":{"0":1,"1":0,"2":3},"b":{},"_coverageSchema":"43e27e138ebf9cfc5966b082cf9a028302ed4184","hash":"f72b530798d18e8ced92691783e509df8e62b305"}
,"/Users/leorossi/Ramblings/React/TodoList/src/components/TodoListItem/TodoListItem.js": {"path":"/Users/leorossi/Ramblings/React/TodoList/src/components/TodoListItem/TodoListItem.js","statementMap":{"0":{"start":{"line":4,"column":21},"end":{"line":11,"column":1}},"1":{"start":{"line":5,"column":2},"end":{"line":10,"column":4}},"2":{"start":{"line":6,"column":23},"end":{"line":6,"column":43}}},"fnMap":{"0":{"name":"(anonymous_0)","decl":{"start":{"line":4,"column":21},"end":{"line":4,"column":22}},"loc":{"start":{"line":4,"column":58},"end":{"line":11,"column":1}},"line":4},"1":{"name":"(anonymous_1)","decl":{"start":{"line":6,"column":17},"end":{"line":6,"column":18}},"loc":{"start":{"line":6,"column":23},"end":{"line":6,"column":43}},"line":6}},"branchMap":{"0":{"loc":{"start":{"line":8,"column":7},"end":{"line":8,"column":71}},"type":"binary-expr","locations":[{"start":{"line":8,"column":7},"end":{"line":8,"column":15}},{"start":{"line":8,"column":19},"end":{"line":8,"column":71}}],"line":8}},"s":{"0":2,"1":6,"2":1},"f":{"0":6,"1":1},"b":{"0":[6,2]},"_coverageSchema":"43e27e138ebf9cfc5966b082cf9a028302ed4184","hash":"3efee515655923e0e4cb909d133f3b2bc8abb661"}
}
