TN:
SF:/Users/leorossi/Ramblings/React/TodoList/src/App.js
FN:5,(anonymous_0)
FNF:1
FNH:1
FNDA:1,(anonymous_0)
DA:5,1
DA:6,1
LF:2
LH:2
BRF:0
BRH:0
end_of_record
TN:
SF:/Users/leorossi/Ramblings/React/TodoList/src/components/Title/Title.js
FN:4,(anonymous_0)
FNF:1
FNH:1
FNDA:1,(anonymous_0)
DA:4,1
DA:5,1
LF:2
LH:2
BRF:0
BRH:0
end_of_record
TN:
SF:/Users/leorossi/Ramblings/React/TodoList/src/components/TodoList/TodoList.js
FN:7,(anonymous_0)
FN:10,(anonymous_1)
FN:17,(anonymous_2)
FNF:3
FNH:2
FNDA:1,(anonymous_0)
FNDA:0,(anonymous_1)
FNDA:3,(anonymous_2)
DA:7,1
DA:8,1
DA:10,1
DA:11,0
DA:14,1
DA:18,3
LF:6
LH:5
BRF:0
BRH:0
end_of_record
TN:
SF:/Users/leorossi/Ramblings/React/TodoList/src/components/TodoListItem/TodoListItem.js
FN:4,(anonymous_0)
FN:6,(anonymous_1)
FNF:2
FNH:2
FNDA:6,(anonymous_0)
FNDA:1,(anonymous_1)
DA:4,2
DA:5,6
DA:6,1
LF:3
LH:3
BRDA:8,0,0,6
BRDA:8,0,1,2
BRF:2
BRH:2
end_of_record
